This is pdfTeXk, Version 3.141592-1.40.3 (Web2C 7.5.6) (format=pdflatex 2010.1.13)  1 MAR 2010 16:24
entering extended mode
 %&-line parsing enabled.
**sprawozdanie.tex
(./sprawozdanie.tex
LaTeX2e <2005/12/01>
Babel <v3.8h> and hyphenation patterns for english, usenglishmax, dumylang, noh
yphenation, loaded.
(/usr/share/texmf-texlive/tex/latex/base/article.cls
Document Class: article 2005/09/16 v1.4f Standard LaTeX document class
(/usr/share/texmf-texlive/tex/latex/base/size10.clo
File: size10.clo 2005/09/16 v1.4f Standard LaTeX file (size option)
)
\c@part=\count79
\c@section=\count80
\c@subsection=\count81
\c@subsubsection=\count82
\c@paragraph=\count83
\c@subparagraph=\count84
\c@figure=\count85
\c@table=\count86
\abovecaptionskip=\skip41
\belowcaptionskip=\skip42
\bibindent=\dimen102
) (./sprawozdanie.aux)
\openout1 = `sprawozdanie.aux'.

LaTeX Font Info:    Checking defaults for OML/cmm/m/it on input line 6.
LaTeX Font Info:    ... okay on input line 6.
LaTeX Font Info:    Checking defaults for T1/cmr/m/n on input line 6.
LaTeX Font Info:    ... okay on input line 6.
LaTeX Font Info:    Checking defaults for OT1/cmr/m/n on input line 6.
LaTeX Font Info:    ... okay on input line 6.
LaTeX Font Info:    Checking defaults for OMS/cmsy/m/n on input line 6.
LaTeX Font Info:    ... okay on input line 6.
LaTeX Font Info:    Checking defaults for OMX/cmex/m/n on input line 6.
LaTeX Font Info:    ... okay on input line 6.
LaTeX Font Info:    Checking defaults for U/cmr/m/n on input line 6.
LaTeX Font Info:    ... okay on input line 6.
Missing character: There is no Å in font cmbx12!
Missing character: There is no ‚ in font cmbx12!
Missing character: There is no Ã in font cmbx12!
Missing character: There is no ³ in font cmbx12!
Missing character: There is no Ä in font cmbx12!
Missing character: There is no ™ in font cmbx12!
Missing character: There is no Å in font cmr10!
Missing character: There is no › in font cmr10!
Missing character: There is no Å in font cmr10!
Missing character: There is no ‚ in font cmr10!
Missing character: There is no Å in font cmr10!
Missing character: There is no ‚ in font cmr10!
Missing character: There is no Ä in font cmr10!
Missing character: There is no … in font cmr10!
Missing character: There is no Ä in font cmr10!
Missing character: There is no ™ in font cmr10!
Missing character: There is no Ä in font cmr10!
Missing character: There is no … in font cmr10!
Missing character: There is no Ä in font cmr10!
Missing character: There is no … in font cmr10!
Missing character: There is no Å in font cmr10!
Missing character: There is no › in font cmr10!
Missing character: There is no Ä in font cmr10!
Missing character: There is no … in font cmr10!
Missing character: There is no Å in font cmr10!
Missing character: There is no ‚ in font cmr10!
Missing character: There is no Å in font cmr10!
Missing character: There is no › in font cmr10!
Missing character: There is no Ä in font cmr10!
Missing character: There is no ™ in font cmr10!
Missing character: There is no Å in font cmr10!
Missing character: There is no ¼ in font cmr10!
Missing character: There is no Ä in font cmr10!
Missing character: There is no … in font cmr10!
Missing character: There is no Ä in font cmr10!
Missing character: There is no ™ in font cmr10!
Missing character: There is no Å in font cmr10!
Missing character: There is no › in font cmr10!
Missing character: There is no Ã in font cmr10!
Missing character: There is no ³ in font cmr10!
Missing character: There is no Å in font cmr10!
Missing character: There is no ¼ in font cmr10!
Missing character: There is no Å in font cmr10!
Missing character: There is no „ in font cmr10!

[1

{/var/lib/texmf/fonts/map/pdftex/updmap/pdftex.map}] (./sprawozdanie.aux) ) 
Here is how much of TeX's memory you used:
 206 strings out of 95086
 2235 string characters out of 1183255
 46030 words of memory out of 1500000
 3462 multiletter control sequences out of 10000+50000
 4245 words of font info for 16 fonts, out of 1200000 for 2000
 28 hyphenation exceptions out of 8191
 23i,4n,17p,306b,107s stack positions out of 5000i,500n,6000p,200000b,5000s
</us
r/share/texmf-texlive/fonts/type1/bluesky/cm/cmbx12.pfb></usr/share/texmf-texli
ve/fonts/type1/bluesky/cm/cmr10.pfb>
Output written on sprawozdanie.pdf (1 page, 18855 bytes).
PDF statistics:
 14 PDF objects out of 1000 (max. 8388607)
 0 named destinations out of 1000 (max. 131072)
 1 words of extra memory for PDF output out of 10000 (max. 10000000)

